        -:    0:Colorization: profile count: [46m[Kzero coverage (exceptional)[m[K [41m[Kzero coverage (unexceptional)[m[K [45m[Kunexecuted block[m[K
        -:    0:Source:getdomain.c
        -:    0:Graph:a-getdomain.gcno
        -:    0:Data:a-getdomain.gcda
        -:    0:Runs:1
        -:    1:#include <stdio.h>
        -:    2:#include <string.h>
        -:    3:#include <stdlib.h>
        -:    4:
[41;37m[K        0[m[K:    5:void print_domain(char *domain) {
[41;37m[K        0[m[K:    6:    printf("Domain is %s\n", domain);
[41;37m[K        0[m[K:    7:}
        -:    8:
[41;37m[K        0[m[K:    9:char *parse(char *str) {
        -:   10:
        -:   11:    char buffer[15];
        -:   12:    char *token, *substr;
        -:   13:
[41;37m[K        0[m[K:   14:    if(!str) {
[41;37m[K        0[m[K:   15:        return "NO";
        -:   16:    }
        -:   17:
[41;37m[K        0[m[K:   18:    for (substr=str; ; substr=NULL) {
[41;37m[K        0[m[K:   19:        token = strtok(substr, "@");
        -:   20:        
[41;37m[K        0[m[K:   21:        if (token==NULL) {
[41;37m[K        0[m[K:   22:            break;
        -:   23:        }
        -:   24:
[41;37m[K        0[m[K:   25:        if (substr==NULL) {
[41;37m[K        0[m[K:   26:            strcpy(buffer, token);
[41;37m[K        0[m[K:   27:            print_domain(buffer);
[41;37m[K        0[m[K:   28:            return "YES";
        -:   29:        }
        -:   30:    }
        -:   31:
[41;37m[K        0[m[K:   32:    return "NO";
        -:   33:
        -:   34:}
        -:   35:
        1:   36:int main(int argc, char **argv) {
        -:   37:
        1:   38:    if (argc<2) {
        1:   39:        puts("./getdomain <email_address>");
        1:   40:        return 1;
        -:   41:    }
        -:   42:
[41;37m[K        0[m[K:   43:    printf("Domain is valid? %s\n", parse(strdup(argv[1])));
        -:   44:
[41;37m[K        0[m[K:   45:    return 0;
        -:   46:}
        -:   47://gcc -fsanitize=address -O1 -fno-omit-frame-pointer -g getdomain.c
